<?xml version="1.0" encoding="UTF-8"?>
<!-- Generated by org.testng.reporters.JUnitReportReporter -->
<testsuite hostname="REM-LT-221024B" failures="0" tests="2" name="restAssureExamples.RestAssureExamples" time="12.318" errors="0" timestamp="2022-11-09T21:54:00 CST" skipped="0">
  <testcase classname="restAssureExamples.RestAssureExamples" name="PostRequest" time="10.839"/>
  <system-out/>
  <testcase classname="restAssureExamples.RestAssureExamples" name="PutRequest" time="1.479"/>
  <system-out/>
</testsuite> <!-- restAssureExamples.RestAssureExamples -->
