<?xml version="1.0" encoding="UTF-8"?>
<!-- Generated by org.testng.reporters.JUnitReportReporter -->
<testsuite hostname="REM-LT-221024B" failures="0" tests="2" name="restAssureJira.RestAssuredJiraCreateIssueWithCookies" time="5.151" errors="0" timestamp="2022-11-10T14:41:14 CST" skipped="0">
  <testcase classname="restAssureJira.RestAssuredJiraCreateIssueWithCookies" name="LoginIntoJira" time="4.629"/>
  <system-out/>
  <testcase classname="restAssureJira.RestAssuredJiraCreateIssueWithCookies" name="AddCommentInJiraIssue" time="0.522"/>
  <system-out/>
</testsuite> <!-- restAssureJira.RestAssuredJiraCreateIssueWithCookies -->
