<?xml version="1.0" encoding="UTF-8"?>
<!-- Generated by org.testng.reporters.JUnitReportReporter -->
<testsuite hostname="REM-LT-221024B" failures="0" tests="6" name="restAssuredJsonAsDataProvider.RestAssuredJsonAsDataProvider" time="0.023" errors="0" timestamp="2022-11-23T22:49:28 CST" skipped="0">
  <testcase classname="restAssuredJsonAsDataProvider.RestAssuredJsonAsDataProvider" name="test01" time="0.002"/>
  <system-out/>
  <testcase classname="restAssuredJsonAsDataProvider.RestAssuredJsonAsDataProvider" name="test01" time="0.002"/>
  <system-out/>
  <testcase classname="restAssuredJsonAsDataProvider.RestAssuredJsonAsDataProvider" name="test01" time="0.002"/>
  <system-out/>
  <testcase classname="restAssuredJsonAsDataProvider.RestAssuredJsonAsDataProvider" name="test01" time="0.002"/>
  <system-out/>
  <testcase classname="restAssuredJsonAsDataProvider.RestAssuredJsonAsDataProvider" name="test01" time="0.002"/>
  <system-out/>
  <testcase classname="restAssuredJsonAsDataProvider.RestAssuredJsonAsDataProvider" name="test01" time="0.013"/>
  <system-out/>
</testsuite> <!-- restAssuredJsonAsDataProvider.RestAssuredJsonAsDataProvider -->
