<?xml version="1.0" encoding="UTF-8"?>
<!-- Generated by org.testng.reporters.JUnitReportReporter -->
<testsuite hostname="REM-LT-221024B" failures="0" tests="1" name="restAssuredRefresh.TestCases" time="16.488" errors="0" timestamp="2023-01-10T15:31:07 CST" skipped="0">
  <testcase classname="restAssuredRefresh.TestCases" name="TestCase01" time="16.488"/>
  <system-out/>
</testsuite> <!-- restAssuredRefresh.TestCases -->
