<?xml version="1.0" encoding="UTF-8"?>
<!-- Generated by org.testng.reporters.JUnitReportReporter -->
<testsuite hostname="REM-LT-221024B" failures="0" tests="1" name="restAssuredOAuth2.OAuth2" time="4.817" errors="0" timestamp="2022-11-20T21:34:23 CST" skipped="0">
  <testcase classname="restAssuredOAuth2.OAuth2" name="getAccess" time="4.817"/>
  <system-out/>
</testsuite> <!-- restAssuredOAuth2.OAuth2 -->
