<?xml version="1.0" encoding="UTF-8"?>
<!-- Generated by org.testng.reporters.JUnitReportReporter -->
<testsuite hostname="REM-LT-221024B" failures="0" tests="1" name="restAssuredValidatedLinks.RestAssuredValidatedLinks" time="84.453" errors="0" timestamp="2022-11-25T10:38:53 CST" skipped="0">
  <testcase classname="restAssuredValidatedLinks.RestAssuredValidatedLinks" name="ValidatedLinks" time="84.453"/>
  <system-out/>
</testsuite> <!-- restAssuredValidatedLinks.RestAssuredValidatedLinks -->
